[debug] [2024-10-09T07:50:18.171Z] ----------------------------------------------------------------------
[debug] [2024-10-09T07:50:18.172Z] Command:       /Users/jk620/.nvm/versions/node/v18.20.4/bin/node /opt/homebrew/bin/firebase emulators:start
[debug] [2024-10-09T07:50:18.173Z] CLI Version:   13.22.0
[debug] [2024-10-09T07:50:18.173Z] Platform:      darwin
[debug] [2024-10-09T07:50:18.173Z] Node Version:  v18.20.4
[debug] [2024-10-09T07:50:18.174Z] Time:          Wed Oct 09 2024 09:50:18 GMT+0200 (Central European Summer Time)
[debug] [2024-10-09T07:50:18.174Z] Env Overrides: FIRESTORE_EMULATOR_HOST
[debug] [2024-10-09T07:50:18.175Z] ----------------------------------------------------------------------
[debug] 
[debug] [2024-10-09T07:50:18.268Z] > command requires scopes: ["email","openid","https://www.googleapis.com/auth/cloudplatformprojects.readonly","https://www.googleapis.com/auth/firebase","https://www.googleapis.com/auth/cloud-platform"]
[debug] [2024-10-09T07:50:18.269Z] > authorizing via signed-in user (261819@student.pwr.edu.pl)
[debug] [2024-10-09T07:50:18.431Z] openjdk version "21.0.2" 2024-01-16

[debug] [2024-10-09T07:50:18.432Z] OpenJDK Runtime Environment (build 21.0.2+13-58)
OpenJDK 64-Bit Server VM (build 21.0.2+13-58, mixed mode, sharing)

[debug] [2024-10-09T07:50:18.436Z] Parsed Java major version: 21
[info] i  emulators: Starting emulators: auth, database, storage {"metadata":{"emulator":{"name":"hub"},"message":"Starting emulators: auth, database, storage"}}
[debug] [2024-10-09T07:50:18.835Z] [logging] Logging Emulator only supports listening on one address (127.0.0.1). Not listening on ::1
[debug] [2024-10-09T07:50:18.836Z] [auth] Authentication Emulator only supports listening on one address (127.0.0.1). Not listening on ::1
[debug] [2024-10-09T07:50:18.836Z] [database] Database Emulator only supports listening on one address (127.0.0.1). Not listening on ::1
[debug] [2024-10-09T07:50:18.836Z] [storage] Storage Emulator only supports listening on one address (127.0.0.1). Not listening on ::1
[debug] [2024-10-09T07:50:18.836Z] assigned listening specs for emulators {"user":{"hub":[{"address":"127.0.0.1","family":"IPv4","port":4400},{"address":"::1","family":"IPv6","port":4400}],"ui":[{"address":"127.0.0.1","family":"IPv4","port":4000},{"address":"::1","family":"IPv6","port":4000}],"logging":[{"address":"127.0.0.1","family":"IPv4","port":4500}],"auth":[{"address":"127.0.0.1","family":"IPv4","port":9099}],"database":[{"address":"127.0.0.1","family":"IPv4","port":9001}],"storage":[{"address":"127.0.0.1","family":"IPv4","port":9199}]},"metadata":{"message":"assigned listening specs for emulators"}}
[debug] [2024-10-09T07:50:18.841Z] [hub] writing locator at /var/folders/fq/dgtg2f814958q5vs9h1kz0r40000gp/T/hub-fir-zpo.json
[debug] [2024-10-09T07:50:18.843Z] Checked if tokens are valid: true, expires at: 1728462654542
[debug] [2024-10-09T07:50:18.843Z] Checked if tokens are valid: true, expires at: 1728462654542
[debug] [2024-10-09T07:50:18.844Z] >>> [apiv2][query] GET https://firebase.googleapis.com/v1beta1/projects/fir-zpo [none]
[debug] [2024-10-09T07:50:19.240Z] <<< [apiv2][status] GET https://firebase.googleapis.com/v1beta1/projects/fir-zpo 200
[debug] [2024-10-09T07:50:19.241Z] <<< [apiv2][body] GET https://firebase.googleapis.com/v1beta1/projects/fir-zpo {"projectId":"fir-zpo","projectNumber":"30009473935","displayName":"FireBaseZPO","name":"projects/fir-zpo","resources":{"hostingSite":"fir-zpo","realtimeDatabaseInstance":"fir-zpo-default-rtdb","storageBucket":"fir-zpo.appspot.com","locationId":"europe-west"},"state":"ACTIVE","etag":"1_cd2f2715-a061-42a6-995a-c5a80520517d"}
[debug] [2024-10-09T07:50:19.242Z] database rules config:  [{"instance":"fir-zpo-default-rtdb","rules":"/Users/jk620/Documents/GitHub/ZPO-project/database.rules.json"}]
[debug] [2024-10-09T07:50:19.247Z] Ignoring unsupported arg: projectId {"metadata":{"emulator":{"name":"database"},"message":"Ignoring unsupported arg: projectId"}}
[debug] [2024-10-09T07:50:19.248Z] Ignoring unsupported arg: auto_download {"metadata":{"emulator":{"name":"database"},"message":"Ignoring unsupported arg: auto_download"}}
[debug] [2024-10-09T07:50:19.248Z] Ignoring unsupported arg: rules {"metadata":{"emulator":{"name":"database"},"message":"Ignoring unsupported arg: rules"}}
[debug] [2024-10-09T07:50:19.248Z] Starting Database Emulator with command {"binary":"java","args":["-Duser.language=en","-jar","/Users/jk620/.cache/firebase/emulators/firebase-database-emulator-v4.11.2.jar","--host","127.0.0.1","--port",9001,"--single_project_mode","Warning"],"optionalArgs":["port","host","functions_emulator_port","functions_emulator_host","single_project_mode"],"joinArgs":false,"shell":false,"port":9001} {"metadata":{"emulator":{"name":"database"},"message":"Starting Database Emulator with command {\"binary\":\"java\",\"args\":[\"-Duser.language=en\",\"-jar\",\"/Users/jk620/.cache/firebase/emulators/firebase-database-emulator-v4.11.2.jar\",\"--host\",\"127.0.0.1\",\"--port\",9001,\"--single_project_mode\",\"Warning\"],\"optionalArgs\":[\"port\",\"host\",\"functions_emulator_port\",\"functions_emulator_host\",\"single_project_mode\"],\"joinArgs\":false,\"shell\":false,\"port\":9001}"}}
[info] i  database: Database Emulator logging to database-debug.log {"metadata":{"emulator":{"name":"database"},"message":"Database Emulator logging to \u001b[1mdatabase-debug.log\u001b[22m"}}
[debug] [2024-10-09T07:50:20.180Z] 09:50:20.179 [NamespaceSystem-akka.actor.default-dispatcher-4] INFO akka.event.slf4j.Slf4jLogger - Slf4jLogger started
 {"metadata":{"emulator":{"name":"database"},"message":"09:50:20.179 [NamespaceSystem-akka.actor.default-dispatcher-4] INFO akka.event.slf4j.Slf4jLogger - Slf4jLogger started\n"}}
[debug] [2024-10-09T07:50:20.308Z] 09:50:20.307 [main] INFO com.firebase.server.forge.App$ - Listening at 127.0.0.1:9001
 {"metadata":{"emulator":{"name":"database"},"message":"09:50:20.307 [main] INFO com.firebase.server.forge.App$ - Listening at 127.0.0.1:9001\n"}}
[debug] [2024-10-09T07:50:24.780Z] Ignoring unsupported arg: port {"metadata":{"emulator":{"name":"storage"},"message":"Ignoring unsupported arg: port"}}
[debug] [2024-10-09T07:50:25.394Z] Temp file directory for storage emulator: /var/folders/fq/dgtg2f814958q5vs9h1kz0r40000gp/T/firebase/storage/blobs {"metadata":{"emulator":{"name":"storage"},"message":"Temp file directory for storage emulator: /var/folders/fq/dgtg2f814958q5vs9h1kz0r40000gp/T/firebase/storage/blobs"}}
[debug] [2024-10-09T07:50:25.400Z] Ignoring unsupported arg: auto_download {"metadata":{"emulator":{"name":"ui"},"message":"Ignoring unsupported arg: auto_download"}}
[debug] [2024-10-09T07:50:25.400Z] Ignoring unsupported arg: port {"metadata":{"emulator":{"name":"ui"},"message":"Ignoring unsupported arg: port"}}
[debug] [2024-10-09T07:50:25.400Z] Starting Emulator UI with command {"binary":"node","args":["/Users/jk620/.cache/firebase/emulators/ui-v1.14.0/server/server.mjs"],"optionalArgs":[],"joinArgs":false,"shell":false,"port":4000} {"metadata":{"emulator":{"name":"ui"},"message":"Starting Emulator UI with command {\"binary\":\"node\",\"args\":[\"/Users/jk620/.cache/firebase/emulators/ui-v1.14.0/server/server.mjs\"],\"optionalArgs\":[],\"joinArgs\":false,\"shell\":false,\"port\":4000}"}}
[info] i  ui: Emulator UI logging to ui-debug.log {"metadata":{"emulator":{"name":"ui"},"message":"Emulator UI logging to \u001b[1mui-debug.log\u001b[22m"}}
[debug] [2024-10-09T07:50:25.509Z] Web / API server started at 127.0.0.1:4000
 {"metadata":{"emulator":{"name":"ui"},"message":"Web / API server started at 127.0.0.1:4000\n"}}
[debug] [2024-10-09T07:50:25.509Z] Web / API server started at ::1:4000
 {"metadata":{"emulator":{"name":"ui"},"message":"Web / API server started at ::1:4000\n"}}
[debug] [2024-10-09T07:50:25.604Z] >>> [apiv2][query] PUT http://127.0.0.1:9001/.settings/rules.json ns=fir-zpo-default-rtdb
[debug] [2024-10-09T07:50:25.604Z] >>> [apiv2][body] PUT http://127.0.0.1:9001/.settings/rules.json "{\n  /* Visit https://firebase.google.com/docs/database/security to learn more about security rules. */\n  \"rules\": {\n    \".read\": false,\n    \".write\": false\n  }\n}"
[debug] [2024-10-09T07:50:25.842Z] 09:50:25.842 [NamespaceSystem-akka.actor.default-dispatcher-4] INFO com.firebase.core.namespace.NamespaceActor - fir-zpo-default-rtdb successfully activated FBKV (SurveyIdle(0)) wait: 96ms, init: 0ms
 {"metadata":{"emulator":{"name":"database"},"message":"09:50:25.842 [NamespaceSystem-akka.actor.default-dispatcher-4] INFO com.firebase.core.namespace.NamespaceActor - fir-zpo-default-rtdb successfully activated FBKV (SurveyIdle(0)) wait: 96ms, init: 0ms\n"}}
[debug] [2024-10-09T07:50:25.890Z] 09:50:25.890 [NamespaceSystem-blocking-namespace-operation-dispatcher-6] INFO com.firebase.core.namespace.StateManager - Namespace fir-zpo-default-rtdb status Active to Active
 {"metadata":{"emulator":{"name":"database"},"message":"09:50:25.890 [NamespaceSystem-blocking-namespace-operation-dispatcher-6] INFO com.firebase.core.namespace.StateManager - Namespace fir-zpo-default-rtdb status Active to Active\n"}}
[debug] [2024-10-09T07:50:25.909Z] <<< [apiv2][status] PUT http://127.0.0.1:9001/.settings/rules.json 200
[debug] [2024-10-09T07:50:25.909Z] <<< [apiv2][body] PUT http://127.0.0.1:9001/.settings/rules.json {"status":"ok"}
[debug] [2024-10-09T07:50:25.913Z] Could not find VSCode notification endpoint: FetchError: request to http://localhost:40001/vscode/notify failed, reason: connect ECONNREFUSED ::1:40001. If you are not running the Firebase Data Connect VSCode extension, this is expected and not an issue.
[info] 
┌─────────────────────────────────────────────────────────────┐
│ ✔  All emulators ready! It is now safe to connect your app. │
│ i  View Emulator UI at http://127.0.0.1:4000/               │
└─────────────────────────────────────────────────────────────┘

┌────────────────┬────────────────┬────────────────────────────────┐
│ Emulator       │ Host:Port      │ View in Emulator UI            │
├────────────────┼────────────────┼────────────────────────────────┤
│ Authentication │ 127.0.0.1:9099 │ http://127.0.0.1:4000/auth     │
├────────────────┼────────────────┼────────────────────────────────┤
│ Database       │ 127.0.0.1:9001 │ http://127.0.0.1:4000/database │
├────────────────┼────────────────┼────────────────────────────────┤
│ Storage        │ 127.0.0.1:9199 │ http://127.0.0.1:4000/storage  │
└────────────────┴────────────────┴────────────────────────────────┘
  Emulator Hub running at 127.0.0.1:4400
  Other reserved ports: 4500

Issues? Report them at https://github.com/firebase/firebase-tools/issues and attach the *-debug.log files.
 
[debug] [2024-10-09T15:36:38.990Z] Received signal SIGHUP 1
[info]  
[info] i  emulators: Received SIGHUP for the first time. Starting a clean shutdown. 
[info] i  emulators: Please wait for a clean shutdown or send the SIGHUP signal again to stop right now. 
[debug] [2024-10-09T15:36:39.435Z] Error: write EIO
    at afterWriteDispatched (node:internal/stream_base_commons:160:15)
    at writeGeneric (node:internal/stream_base_commons:151:3)
    at Socket._writeGeneric (node:net:962:11)
    at Socket._write (node:net:974:8)
    at writeOrBuffer (node:internal/streams/writable:392:12)
    at _write (node:internal/streams/writable:333:10)
    at Writable.write (node:internal/streams/writable:337:10)
    at Console.log (/opt/homebrew/lib/node_modules/firebase-tools/node_modules/winston/lib/winston/transports/console.js:87:23)
    at Console._write (/opt/homebrew/lib/node_modules/firebase-tools/node_modules/winston-transport/modern.js:103:17)
    at writeOrBuffer (/opt/homebrew/lib/node_modules/firebase-tools/node_modules/readable-stream/lib/internal/streams/writable.js:334:12)
[error] 
[error] Error: An unexpected error has occurred.
[debug] [2024-10-09T15:36:39.453Z] Error: write EIO
    at afterWriteDispatched (node:internal/stream_base_commons:160:15)
    at writeGeneric (node:internal/stream_base_commons:151:3)
    at Socket._writeGeneric (node:net:962:11)
    at Socket._write (node:net:974:8)
    at writeOrBuffer (node:internal/streams/writable:392:12)
    at _write (node:internal/streams/writable:333:10)
    at Writable.write (node:internal/streams/writable:337:10)
    at Console.log (/opt/homebrew/lib/node_modules/firebase-tools/node_modules/winston/lib/winston/transports/console.js:87:23)
    at Console._write (/opt/homebrew/lib/node_modules/firebase-tools/node_modules/winston-transport/modern.js:103:17)
    at writeOrBuffer (/opt/homebrew/lib/node_modules/firebase-tools/node_modules/readable-stream/lib/internal/streams/writable.js:334:12)
[error] 
[error] Error: An unexpected error has occurred.
[debug] [2024-10-09T15:36:39.456Z] Error: write EIO
    at afterWriteDispatched (node:internal/stream_base_commons:160:15)
    at writeGeneric (node:internal/stream_base_commons:151:3)
    at Socket._writeGeneric (node:net:962:11)
    at Socket._write (node:net:974:8)
    at writeOrBuffer (node:internal/streams/writable:392:12)
    at _write (node:internal/streams/writable:333:10)
    at Writable.write (node:internal/streams/writable:337:10)
    at Console.log (/opt/homebrew/lib/node_modules/firebase-tools/node_modules/winston/lib/winston/transports/console.js:87:23)
    at Console._write (/opt/homebrew/lib/node_modules/firebase-tools/node_modules/winston-transport/modern.js:103:17)
    at writeOrBuffer (/opt/homebrew/lib/node_modules/firebase-tools/node_modules/readable-stream/lib/internal/streams/writable.js:334:12)
[error] 
[error] Error: An unexpected error has occurred.
[debug] [2024-10-09T15:36:39.461Z] Error: write EIO
    at afterWriteDispatched (node:internal/stream_base_commons:160:15)
    at writeGeneric (node:internal/stream_base_commons:151:3)
    at Socket._writeGeneric (node:net:962:11)
    at Socket._write (node:net:974:8)
    at writeOrBuffer (node:internal/streams/writable:392:12)
    at _write (node:internal/streams/writable:333:10)
    at Writable.write (node:internal/streams/writable:337:10)
    at Console.log (/opt/homebrew/lib/node_modules/firebase-tools/node_modules/winston/lib/winston/transports/console.js:87:23)
    at Console._write (/opt/homebrew/lib/node_modules/firebase-tools/node_modules/winston-transport/modern.js:103:17)
    at writeOrBuffer (/opt/homebrew/lib/node_modules/firebase-tools/node_modules/readable-stream/lib/internal/streams/writable.js:334:12)
[error] 
[error] Error: An unexpected error has occurred.
[debug] [2024-10-09T15:36:39.463Z] Error: write EIO
    at afterWriteDispatched (node:internal/stream_base_commons:160:15)
    at writeGeneric (node:internal/stream_base_commons:151:3)
    at Socket._writeGeneric (node:net:962:11)
    at Socket._write (node:net:974:8)
    at writeOrBuffer (node:internal/streams/writable:392:12)
    at _write (node:internal/streams/writable:333:10)
    at Writable.write (node:internal/streams/writable:337:10)
    at Console.log (/opt/homebrew/lib/node_modules/firebase-tools/node_modules/winston/lib/winston/transports/console.js:87:23)
    at Console._write (/opt/homebrew/lib/node_modules/firebase-tools/node_modules/winston-transport/modern.js:103:17)
    at writeOrBuffer (/opt/homebrew/lib/node_modules/firebase-tools/node_modules/readable-stream/lib/internal/streams/writable.js:334:12)
[error] 
[error] Error: An unexpected error has occurred.
[debug] [2024-10-09T15:36:39.465Z] Error: write EIO
    at afterWriteDispatched (node:internal/stream_base_commons:160:15)
    at writeGeneric (node:internal/stream_base_commons:151:3)
    at Socket._writeGeneric (node:net:962:11)
    at Socket._write (node:net:974:8)
    at writeOrBuffer (node:internal/streams/writable:392:12)
    at _write (node:internal/streams/writable:333:10)
    at Writable.write (node:internal/streams/writable:337:10)
    at Console.log (/opt/homebrew/lib/node_modules/firebase-tools/node_modules/winston/lib/winston/transports/console.js:87:23)
    at Console._write (/opt/homebrew/lib/node_modules/firebase-tools/node_modules/winston-transport/modern.js:103:17)
    at writeOrBuffer (/opt/homebrew/lib/node_modules/firebase-tools/node_modules/readable-stream/lib/internal/streams/writable.js:334:12)
[error] 
[error] Error: An unexpected error has occurred.
[debug] [2024-10-09T15:36:39.465Z] Error: write EIO
    at afterWriteDispatched (node:internal/stream_base_commons:160:15)
    at writeGeneric (node:internal/stream_base_commons:151:3)
    at Socket._writeGeneric (node:net:962:11)
    at Socket._write (node:net:974:8)
    at writeOrBuffer (node:internal/streams/writable:392:12)
    at _write (node:internal/streams/writable:333:10)
    at Writable.write (node:internal/streams/writable:337:10)
    at Console.log (/opt/homebrew/lib/node_modules/firebase-tools/node_modules/winston/lib/winston/transports/console.js:87:23)
    at Console._write (/opt/homebrew/lib/node_modules/firebase-tools/node_modules/winston-transport/modern.js:103:17)
    at writeOrBuffer (/opt/homebrew/lib/node_modules/firebase-tools/node_modules/readable-stream/lib/internal/streams/writable.js:334:12)
[error] 
[error] Error: An unexpected error has occurred.
[debug] [2024-10-09T15:36:39.469Z] Error: write EIO
    at afterWriteDispatched (node:internal/stream_base_commons:160:15)
    at writeGeneric (node:internal/stream_base_commons:151:3)
    at Socket._writeGeneric (node:net:962:11)
    at Socket._write (node:net:974:8)
    at writeOrBuffer (node:internal/streams/writable:392:12)
    at _write (node:internal/streams/writable:333:10)
    at Writable.write (node:internal/streams/writable:337:10)
    at Console.log (/opt/homebrew/lib/node_modules/firebase-tools/node_modules/winston/lib/winston/transports/console.js:87:23)
    at Console._write (/opt/homebrew/lib/node_modules/firebase-tools/node_modules/winston-transport/modern.js:103:17)
    at writeOrBuffer (/opt/homebrew/lib/node_modules/firebase-tools/node_modules/readable-stream/lib/internal/streams/writable.js:334:12)
[error] 
[error] Error: An unexpected error has occurred.
[debug] [2024-10-09T15:36:39.472Z] Error: write EIO
    at afterWriteDispatched (node:internal/stream_base_commons:160:15)
    at writeGeneric (node:internal/stream_base_commons:151:3)
    at Socket._writeGeneric (node:net:962:11)
    at Socket._write (node:net:974:8)
    at writeOrBuffer (node:internal/streams/writable:392:12)
    at _write (node:internal/streams/writable:333:10)
    at Writable.write (node:internal/streams/writable:337:10)
    at Console.log (/opt/homebrew/lib/node_modules/firebase-tools/node_modules/winston/lib/winston/transports/console.js:87:23)
    at Console._write (/opt/homebrew/lib/node_modules/firebase-tools/node_modules/winston-transport/modern.js:103:17)
    at writeOrBuffer (/opt/homebrew/lib/node_modules/firebase-tools/node_modules/readable-stream/lib/internal/streams/writable.js:334:12)
[error] 
[error] Error: An unexpected error has occurred.
[debug] [2024-10-09T15:36:39.474Z] Error: write EIO
    at afterWriteDispatched (node:internal/stream_base_commons:160:15)
    at writeGeneric (node:internal/stream_base_commons:151:3)
    at Socket._writeGeneric (node:net:962:11)
    at Socket._write (node:net:974:8)
    at writeOrBuffer (node:internal/streams/writable:392:12)
    at _write (node:internal/streams/writable:333:10)
    at Writable.write (node:internal/streams/writable:337:10)
    at Console.log (/opt/homebrew/lib/node_modules/firebase-tools/node_modules/winston/lib/winston/transports/console.js:87:23)
    at Console._write (/opt/homebrew/lib/node_modules/firebase-tools/node_modules/winston-transport/modern.js:103:17)
    at writeOrBuffer (/opt/homebrew/lib/node_modules/firebase-tools/node_modules/readable-stream/lib/internal/streams/writable.js:334:12)
[error] 
[error] Error: An unexpected error has occurred.
[debug] [2024-10-09T15:36:39.475Z] Error: write EIO
    at afterWriteDispatched (node:internal/stream_base_commons:160:15)
    at writeGeneric (node:internal/stream_base_commons:151:3)
    at Socket._writeGeneric (node:net:962:11)
    at Socket._write (node:net:974:8)
    at writeOrBuffer (node:internal/streams/writable:392:12)
    at _write (node:internal/streams/writable:333:10)
    at Writable.write (node:internal/streams/writable:337:10)
    at Console.log (/opt/homebrew/lib/node_modules/firebase-tools/node_modules/winston/lib/winston/transports/console.js:87:23)
    at Console._write (/opt/homebrew/lib/node_modules/firebase-tools/node_modules/winston-transport/modern.js:103:17)
    at writeOrBuffer (/opt/homebrew/lib/node_modules/firebase-tools/node_modules/readable-stream/lib/internal/streams/writable.js:334:12)
[error] 
[error] Error: An unexpected error has occurred.
[debug] [2024-10-09T15:36:39.476Z] Error: write EIO
    at afterWriteDispatched (node:internal/stream_base_commons:160:15)
    at writeGeneric (node:internal/stream_base_commons:151:3)
    at Socket._writeGeneric (node:net:962:11)
    at Socket._write (node:net:974:8)
    at writeOrBuffer (node:internal/streams/writable:392:12)
    at _write (node:internal/streams/writable:333:10)
    at Writable.write (node:internal/streams/writable:337:10)
    at Console.log (/opt/homebrew/lib/node_modules/firebase-tools/node_modules/winston/lib/winston/transports/console.js:87:23)
    at Console._write (/opt/homebrew/lib/node_modules/firebase-tools/node_modules/winston-transport/modern.js:103:17)
    at writeOrBuffer (/opt/homebrew/lib/node_modules/firebase-tools/node_modules/readable-stream/lib/internal/streams/writable.js:334:12)
[error] 
[error] Error: An unexpected error has occurred.
[debug] [2024-10-09T15:36:39.478Z] Error: write EIO
    at afterWriteDispatched (node:internal/stream_base_commons:160:15)
    at writeGeneric (node:internal/stream_base_commons:151:3)
    at Socket._writeGeneric (node:net:962:11)
    at Socket._write (node:net:974:8)
    at writeOrBuffer (node:internal/streams/writable:392:12)
    at _write (node:internal/streams/writable:333:10)
    at Writable.write (node:internal/streams/writable:337:10)
    at Console.log (/opt/homebrew/lib/node_modules/firebase-tools/node_modules/winston/lib/winston/transports/console.js:87:23)
    at Console._write (/opt/homebrew/lib/node_modules/firebase-tools/node_modules/winston-transport/modern.js:103:17)
    at writeOrBuffer (/opt/homebrew/lib/node_modules/firebase-tools/node_modules/readable-stream/lib/internal/streams/writable.js:334:12)
[error] 
[error] Error: An unexpected error has occurred.
[debug] [2024-10-09T15:36:39.479Z] Error: write EIO
    at afterWriteDispatched (node:internal/stream_base_commons:160:15)
    at writeGeneric (node:internal/stream_base_commons:151:3)
    at Socket._writeGeneric (node:net:962:11)
    at Socket._write (node:net:974:8)
    at writeOrBuffer (node:internal/streams/writable:392:12)
    at _write (node:internal/streams/writable:333:10)
    at Writable.write (node:internal/streams/writable:337:10)
    at Console.log (/opt/homebrew/lib/node_modules/firebase-tools/node_modules/winston/lib/winston/transports/console.js:87:23)
    at Console._write (/opt/homebrew/lib/node_modules/firebase-tools/node_modules/winston-transport/modern.js:103:17)
    at writeOrBuffer (/opt/homebrew/lib/node_modules/firebase-tools/node_modules/readable-stream/lib/internal/streams/writable.js:334:12)
[error] 
[error] Error: An unexpected error has occurred.
[debug] [2024-10-09T15:36:39.482Z] Error: write EIO
    at afterWriteDispatched (node:internal/stream_base_commons:160:15)
    at writeGeneric (node:internal/stream_base_commons:151:3)
    at Socket._writeGeneric (node:net:962:11)
    at Socket._write (node:net:974:8)
    at writeOrBuffer (node:internal/streams/writable:392:12)
    at _write (node:internal/streams/writable:333:10)
    at Writable.write (node:internal/streams/writable:337:10)
    at Console.log (/opt/homebrew/lib/node_modules/firebase-tools/node_modules/winston/lib/winston/transports/console.js:87:23)
    at Console._write (/opt/homebrew/lib/node_modules/firebase-tools/node_modules/winston-transport/modern.js:103:17)
    at writeOrBuffer (/opt/homebrew/lib/node_modules/firebase-tools/node_modules/readable-stream/lib/internal/streams/writable.js:334:12)
[error] 
[error] Error: An unexpected error has occurred.
[debug] [2024-10-09T15:36:39.482Z] Error: write EIO
    at afterWriteDispatched (node:internal/stream_base_commons:160:15)
    at writeGeneric (node:internal/stream_base_commons:151:3)
    at Socket._writeGeneric (node:net:962:11)
    at Socket._write (node:net:974:8)
    at writeOrBuffer (node:internal/streams/writable:392:12)
    at _write (node:internal/streams/writable:333:10)
    at Writable.write (node:internal/streams/writable:337:10)
    at Console.log (/opt/homebrew/lib/node_modules/firebase-tools/node_modules/winston/lib/winston/transports/console.js:87:23)
    at Console._write (/opt/homebrew/lib/node_modules/firebase-tools/node_modules/winston-transport/modern.js:103:17)
    at writeOrBuffer (/opt/homebrew/lib/node_modules/firebase-tools/node_modules/readable-stream/lib/internal/streams/writable.js:334:12)
[error] 
[error] Error: An unexpected error has occurred.
[debug] [2024-10-09T15:36:39.483Z] Error: write EIO
    at afterWriteDispatched (node:internal/stream_base_commons:160:15)
    at writeGeneric (node:internal/stream_base_commons:151:3)
    at Socket._writeGeneric (node:net:962:11)
    at Socket._write (node:net:974:8)
    at writeOrBuffer (node:internal/streams/writable:392:12)
    at _write (node:internal/streams/writable:333:10)
    at Writable.write (node:internal/streams/writable:337:10)
    at Console.log (/opt/homebrew/lib/node_modules/firebase-tools/node_modules/winston/lib/winston/transports/console.js:87:23)
    at Console._write (/opt/homebrew/lib/node_modules/firebase-tools/node_modules/winston-transport/modern.js:103:17)
    at writeOrBuffer (/opt/homebrew/lib/node_modules/firebase-tools/node_modules/readable-stream/lib/internal/streams/writable.js:334:12)
[error] 
[error] Error: An unexpected error has occurred.
[debug] [2024-10-09T15:36:39.508Z] Error: write EIO
    at afterWriteDispatched (node:internal/stream_base_commons:160:15)
    at writeGeneric (node:internal/stream_base_commons:151:3)
    at Socket._writeGeneric (node:net:962:11)
    at Socket._write (node:net:974:8)
    at writeOrBuffer (node:internal/streams/writable:392:12)
    at _write (node:internal/streams/writable:333:10)
    at Writable.write (node:internal/streams/writable:337:10)
    at Console.log (/opt/homebrew/lib/node_modules/firebase-tools/node_modules/winston/lib/winston/transports/console.js:87:23)
    at Console._write (/opt/homebrew/lib/node_modules/firebase-tools/node_modules/winston-transport/modern.js:103:17)
    at writeOrBuffer (/opt/homebrew/lib/node_modules/firebase-tools/node_modules/readable-stream/lib/internal/streams/writable.js:334:12)
[error] 
[error] Error: An unexpected error has occurred.
[debug] [2024-10-09T15:36:39.512Z] Error: write EIO
    at afterWriteDispatched (node:internal/stream_base_commons:160:15)
    at writeGeneric (node:internal/stream_base_commons:151:3)
    at Socket._writeGeneric (node:net:962:11)
    at Socket._write (node:net:974:8)
    at writeOrBuffer (node:internal/streams/writable:392:12)
    at _write (node:internal/streams/writable:333:10)
    at Writable.write (node:internal/streams/writable:337:10)
    at Console.log (/opt/homebrew/lib/node_modules/firebase-tools/node_modules/winston/lib/winston/transports/console.js:87:23)
    at Console._write (/opt/homebrew/lib/node_modules/firebase-tools/node_modules/winston-transport/modern.js:103:17)
    at writeOrBuffer (/opt/homebrew/lib/node_modules/firebase-tools/node_modules/readable-stream/lib/internal/streams/writable.js:334:12)
